# JRE version: OpenJDK Runtime Environment Temurin-21.0.3+9 (21.0.3+9) (build 21.0.3+9-LTS)
# Java VM: OpenJDK 64-Bit Server VM Temurin-21.0.3+9 (21.0.3+9-LTS, mixed mode, emulated-client, tiered, compressed oops, compressed class ptrs, g1 gc, windows-amd64)
GC Precious Log:
 CardTable entry size: 512
 Card Set container configuration: InlinePtr #cards 4 size 8 Array Of Cards #cards 32 size 80 Howl #buckets 8 coarsen threshold 7372 Howl Bitmap #cards 1024 size 144 coarsen threshold 921 Card regions per heap region 1 cards per card region 8192
 CPUs: 22 total, 22 available
 Memory: 32373M
 Large Page Support: Disabled
 NUMA Support: Disabled
 Compressed Oops: Enabled (Zero based)
 Heap Region Size: 4M
 Heap Min Capacity: 8M
 Heap Initial Capacity: 508M
 Heap Max Capacity: 8096M
 Pre-touch: Disabled
 Parallel Workers: 16
 Concurrent Workers: 4
 Concurrent Refinement Workers: 16
 Periodic GC: Disabled
Heap:
 garbage-first heap   total 163840K, used 82644K [0x0000000606000000, 0x0000000800000000)
  region size 4096K, 10 young (40960K), 3 survivors (12288K)
 Metaspace       used 114617K, committed 115968K, reserved 1179648K
  class space    used 15056K, committed 15680K, reserved 1048576K
GC Heap History (20 events):
Event: 1390.208 GC heap before
{Heap before GC invocations=63 (full 6):
 garbage-first heap   total 151552K, used 131884K [0x0000000606000000, 0x0000000800000000)
  region size 4096K, 22 young (90112K), 0 survivors (0K)
 Metaspace       used 110415K, committed 111488K, reserved 1179648K
  class space    used 14690K, committed 15168K, reserved 1048576K
}
Event: 1390.214 GC heap after
{Heap after GC invocations=64 (full 6):
 garbage-first heap   total 151552K, used 49142K [0x0000000606000000, 0x0000000800000000)
  region size 4096K, 2 young (8192K), 2 survivors (8192K)
 Metaspace       used 110415K, committed 111488K, reserved 1179648K
  class space    used 14690K, committed 15168K, reserved 1048576K
}
Event: 1390.653 GC heap before
{Heap before GC invocations=65 (full 6):
 garbage-first heap   total 151552K, used 126966K [0x0000000606000000, 0x0000000800000000)
  region size 4096K, 21 young (86016K), 2 survivors (8192K)
 Metaspace       used 110844K, committed 111936K, reserved 1179648K
  class space    used 14730K, committed 15232K, reserved 1048576K
}
Event: 1390.658 GC heap after
{Heap after GC invocations=66 (full 6):
 garbage-first heap   total 151552K, used 52265K [0x0000000606000000, 0x0000000800000000)
  region size 4096K, 1 young (4096K), 1 survivors (4096K)
 Metaspace       used 110844K, committed 111936K, reserved 1179648K
  class space    used 14730K, committed 15232K, reserved 1048576K
}
Event: 1390.933 GC heap before
{Heap before GC invocations=66 (full 6):
 garbage-first heap   total 151552K, used 130089K [0x0000000606000000, 0x0000000800000000)
  region size 4096K, 20 young (81920K), 1 survivors (4096K)
 Metaspace       used 111697K, committed 112768K, reserved 1179648K
  class space    used 14800K, committed 15296K, reserved 1048576K
}
Event: 1390.941 GC heap after
{Heap after GC invocations=67 (full 6):
 garbage-first heap   total 151552K, used 54630K [0x0000000606000000, 0x0000000800000000)
  region size 4096K, 2 young (8192K), 2 survivors (8192K)
 Metaspace       used 111697K, committed 112768K, reserved 1179648K
  class space    used 14800K, committed 15296K, reserved 1048576K
}
Event: 1426.888 GC heap before
{Heap before GC invocations=67 (full 6):
 garbage-first heap   total 151552K, used 128358K [0x0000000606000000, 0x0000000800000000)
  region size 4096K, 20 young (81920K), 2 survivors (8192K)
 Metaspace       used 112217K, committed 113344K, reserved 1179648K
  class space    used 14841K, committed 15360K, reserved 1048576K
}
Event: 1426.905 GC heap after
{Heap after GC invocations=68 (full 6):
 garbage-first heap   total 184320K, used 56433K [0x0000000606000000, 0x0000000800000000)
  region size 4096K, 2 young (8192K), 2 survivors (8192K)
 Metaspace       used 112217K, committed 113344K, reserved 1179648K
  class space    used 14841K, committed 15360K, reserved 1048576K
}
Event: 1878.851 GC heap before
{Heap before GC invocations=69 (full 6):
 garbage-first heap   total 184320K, used 158833K [0x0000000606000000, 0x0000000800000000)
  region size 4096K, 27 young (110592K), 2 survivors (8192K)
 Metaspace       used 112260K, committed 113408K, reserved 1179648K
  class space    used 14851K, committed 15424K, reserved 1048576K
}
Event: 1878.867 GC heap after
{Heap after GC invocations=70 (full 6):
 garbage-first heap   total 184320K, used 57356K [0x0000000606000000, 0x0000000800000000)
  region size 4096K, 3 young (12288K), 3 survivors (12288K)
 Metaspace       used 112260K, committed 113408K, reserved 1179648K
  class space    used 14851K, committed 15424K, reserved 1048576K
}
Event: 1978.252 GC heap before
{Heap before GC invocations=70 (full 6):
 garbage-first heap   total 184320K, used 81932K [0x0000000606000000, 0x0000000800000000)
  region size 4096K, 10 young (40960K), 3 survivors (12288K)
 Metaspace       used 112284K, committed 113472K, reserved 1179648K
  class space    used 14852K, committed 15424K, reserved 1048576K
}
Event: 1978.327 GC heap after
{Heap after GC invocations=71 (full 7):
 garbage-first heap   total 163840K, used 39698K [0x0000000606000000, 0x0000000800000000)
  region size 4096K, 0 young (0K), 0 survivors (0K)
 Metaspace       used 111842K, committed 113472K, reserved 1179648K
  class space    used 14747K, committed 15424K, reserved 1048576K
}
Event: 1980.422 GC heap before
{Heap before GC invocations=71 (full 7):
 garbage-first heap   total 163840K, used 138002K [0x0000000606000000, 0x0000000800000000)
  region size 4096K, 24 young (98304K), 0 survivors (0K)
 Metaspace       used 112699K, committed 113792K, reserved 1179648K
  class space    used 14877K, committed 15424K, reserved 1048576K
}
Event: 1980.431 GC heap after
{Heap after GC invocations=72 (full 7):
 garbage-first heap   total 163840K, used 48871K [0x0000000606000000, 0x0000000800000000)
  region size 4096K, 3 young (12288K), 3 survivors (12288K)
 Metaspace       used 112699K, committed 113792K, reserved 1179648K
  class space    used 14877K, committed 15424K, reserved 1048576K
}
Event: 1980.933 GC heap before
{Heap before GC invocations=73 (full 7):
 garbage-first heap   total 163840K, used 130791K [0x0000000606000000, 0x0000000800000000)
  region size 4096K, 23 young (94208K), 3 survivors (12288K)
 Metaspace       used 113151K, committed 114240K, reserved 1179648K
  class space    used 14920K, committed 15424K, reserved 1048576K
}
Event: 1980.945 GC heap after
{Heap after GC invocations=74 (full 7):
 garbage-first heap   total 163840K, used 52206K [0x0000000606000000, 0x0000000800000000)
  region size 4096K, 2 young (8192K), 2 survivors (8192K)
 Metaspace       used 113151K, committed 114240K, reserved 1179648K
  class space    used 14920K, committed 15424K, reserved 1048576K
}
Event: 1981.676 GC heap before
{Heap before GC invocations=74 (full 7):
 garbage-first heap   total 163840K, used 134126K [0x0000000606000000, 0x0000000800000000)
  region size 4096K, 22 young (90112K), 2 survivors (8192K)
 Metaspace       used 114135K, committed 115200K, reserved 1179648K
  class space    used 15003K, committed 15488K, reserved 1048576K
}
Event: 1981.687 GC heap after
{Heap after GC invocations=75 (full 7):
 garbage-first heap   total 163840K, used 54561K [0x0000000606000000, 0x0000000800000000)
  region size 4096K, 2 young (8192K), 2 survivors (8192K)
 Metaspace       used 114135K, committed 115200K, reserved 1179648K
  class space    used 15003K, committed 15488K, reserved 1048576K
}
Event: 2079.286 GC heap before
{Heap before GC invocations=75 (full 7):
 garbage-first heap   total 163840K, used 136481K [0x0000000606000000, 0x0000000800000000)
  region size 4096K, 22 young (90112K), 2 survivors (8192K)
 Metaspace       used 114745K, committed 115968K, reserved 1179648K
  class space    used 15091K, committed 15680K, reserved 1048576K
}
Event: 2079.304 GC heap after
{Heap after GC invocations=76 (full 7):
 garbage-first heap   total 163840K, used 58068K [0x0000000606000000, 0x0000000800000000)
  region size 4096K, 3 young (12288K), 3 survivors (12288K)
 Metaspace       used 114745K, committed 115968K, reserved 1179648K
  class space    used 15091K, committed 15680K, reserved 1048576K
}

